ERROR - 2021-11-18 05:18:35 --> You have an error in your SQL syntax; check the manual that corresponds to your MariaDB server version for the right syntax to use near '(30) NOT NULL,
	`tglkeluar` DATE(30) NOT NULL,
	`catatanmedis` VARCHAR(225) N...' at line 6
ERROR - 2021-11-18 05:21:06 --> You have an error in your SQL syntax; check the manual that corresponds to your MariaDB server version for the right syntax to use near '(30) NOT NULL,
	`tglkeluar` DATE(30) NOT NULL,
	`catatanmedis` VARCHAR(225) N...' at line 6
ERROR - 2021-11-18 05:22:25 --> You have an error in your SQL syntax; check the manual that corresponds to your MariaDB server version for the right syntax to use near '(30) NOT NULL,
	`tglkeluar` DATE(30) NOT NULL,
	`catatanmedis` VARCHAR(225) N...' at line 6
ERROR - 2021-11-18 05:25:05 --> You have an error in your SQL syntax; check the manual that corresponds to your MariaDB server version for the right syntax to use near '(30) NOT NULL,
	`tglkeluar` DATE(30) NOT NULL,
	`catatanmedis` VARCHAR(225) N...' at line 6
ERROR - 2021-11-18 05:26:30 --> You have an error in your SQL syntax; check the manual that corresponds to your MariaDB server version for the right syntax to use near '(30) NOT NULL,
	`tglkeluar` DATE(30) NOT NULL,
	`catatanmedis` VARCHAR(225) N...' at line 6
CRITICAL - 2021-11-18 16:00:36 --> Undefined variable: dokter
#0 C:\xampp\htdocs\sirs\app\Views\dokter\view_dokter.php(26): CodeIgniter\Debug\Exceptions->errorHandler(8, 'Undefined varia...', 'C:\\xampp\\htdocs...', 26, Array)
#1 C:\xampp\htdocs\sirs\system\View\View.php(214): include('C:\\xampp\\htdocs...')
#2 C:\xampp\htdocs\sirs\system\View\View.php(217): CodeIgniter\View\View->CodeIgniter\View\{closure}()
#3 C:\xampp\htdocs\sirs\system\Common.php(1097): CodeIgniter\View\View->render('dokter/view_dok...', Array, true)
#4 C:\xampp\htdocs\sirs\app\Controllers\Dokter.php(13): view('dokter/view_dok...', Array)
#5 C:\xampp\htdocs\sirs\system\CodeIgniter.php(824): App\Controllers\Dokter->index()
#6 C:\xampp\htdocs\sirs\system\CodeIgniter.php(410): CodeIgniter\CodeIgniter->runController(Object(App\Controllers\Dokter))
#7 C:\xampp\htdocs\sirs\system\CodeIgniter.php(318): CodeIgniter\CodeIgniter->handleRequest(NULL, Object(Config\Cache), false)
#8 C:\xampp\htdocs\sirs\public\index.php(37): CodeIgniter\CodeIgniter->run()
#9 C:\xampp\htdocs\sirs\system\Commands\Server\rewrite.php(43): require_once('C:\\xampp\\htdocs...')
#10 {main}
CRITICAL - 2021-11-18 16:01:17 --> Undefined variable: dokter
#0 C:\xampp\htdocs\sirs\app\Views\dokter\view_dokter.php(26): CodeIgniter\Debug\Exceptions->errorHandler(8, 'Undefined varia...', 'C:\\xampp\\htdocs...', 26, Array)
#1 C:\xampp\htdocs\sirs\system\View\View.php(214): include('C:\\xampp\\htdocs...')
#2 C:\xampp\htdocs\sirs\system\View\View.php(217): CodeIgniter\View\View->CodeIgniter\View\{closure}()
#3 C:\xampp\htdocs\sirs\system\Common.php(1097): CodeIgniter\View\View->render('dokter/view_dok...', Array, true)
#4 C:\xampp\htdocs\sirs\app\Controllers\Dokter.php(13): view('dokter/view_dok...', Array)
#5 C:\xampp\htdocs\sirs\system\CodeIgniter.php(824): App\Controllers\Dokter->index()
#6 C:\xampp\htdocs\sirs\system\CodeIgniter.php(410): CodeIgniter\CodeIgniter->runController(Object(App\Controllers\Dokter))
#7 C:\xampp\htdocs\sirs\system\CodeIgniter.php(318): CodeIgniter\CodeIgniter->handleRequest(NULL, Object(Config\Cache), false)
#8 C:\xampp\htdocs\sirs\public\index.php(37): CodeIgniter\CodeIgniter->run()
#9 C:\xampp\htdocs\sirs\system\Commands\Server\rewrite.php(43): require_once('C:\\xampp\\htdocs...')
#10 {main}
CRITICAL - 2021-11-18 16:01:49 --> Undefined variable: dokter
#0 C:\xampp\htdocs\sirs\app\Views\dokter\view_dokter.php(26): CodeIgniter\Debug\Exceptions->errorHandler(8, 'Undefined varia...', 'C:\\xampp\\htdocs...', 26, Array)
#1 C:\xampp\htdocs\sirs\system\View\View.php(214): include('C:\\xampp\\htdocs...')
#2 C:\xampp\htdocs\sirs\system\View\View.php(217): CodeIgniter\View\View->CodeIgniter\View\{closure}()
#3 C:\xampp\htdocs\sirs\system\Common.php(1097): CodeIgniter\View\View->render('dokter/view_dok...', Array, true)
#4 C:\xampp\htdocs\sirs\app\Controllers\Dokter.php(13): view('dokter/view_dok...', Array)
#5 C:\xampp\htdocs\sirs\system\CodeIgniter.php(824): App\Controllers\Dokter->index()
#6 C:\xampp\htdocs\sirs\system\CodeIgniter.php(410): CodeIgniter\CodeIgniter->runController(Object(App\Controllers\Dokter))
#7 C:\xampp\htdocs\sirs\system\CodeIgniter.php(318): CodeIgniter\CodeIgniter->handleRequest(NULL, Object(Config\Cache), false)
#8 C:\xampp\htdocs\sirs\public\index.php(37): CodeIgniter\CodeIgniter->run()
#9 C:\xampp\htdocs\sirs\system\Commands\Server\rewrite.php(43): require_once('C:\\xampp\\htdocs...')
#10 {main}
CRITICAL - 2021-11-18 16:07:49 --> Undefined variable: dokter
#0 C:\xampp\htdocs\sirs\app\Views\dokter\view_dokter.php(26): CodeIgniter\Debug\Exceptions->errorHandler(8, 'Undefined varia...', 'C:\\xampp\\htdocs...', 26, Array)
#1 C:\xampp\htdocs\sirs\system\View\View.php(214): include('C:\\xampp\\htdocs...')
#2 C:\xampp\htdocs\sirs\system\View\View.php(217): CodeIgniter\View\View->CodeIgniter\View\{closure}()
#3 C:\xampp\htdocs\sirs\system\Common.php(1097): CodeIgniter\View\View->render('dokter/view_dok...', Array, true)
#4 C:\xampp\htdocs\sirs\app\Controllers\Dokter.php(13): view('dokter/view_dok...', Array)
#5 C:\xampp\htdocs\sirs\system\CodeIgniter.php(824): App\Controllers\Dokter->index()
#6 C:\xampp\htdocs\sirs\system\CodeIgniter.php(410): CodeIgniter\CodeIgniter->runController(Object(App\Controllers\Dokter))
#7 C:\xampp\htdocs\sirs\system\CodeIgniter.php(318): CodeIgniter\CodeIgniter->handleRequest(NULL, Object(Config\Cache), false)
#8 C:\xampp\htdocs\sirs\public\index.php(37): CodeIgniter\CodeIgniter->run()
#9 C:\xampp\htdocs\sirs\system\Commands\Server\rewrite.php(43): require_once('C:\\xampp\\htdocs...')
#10 {main}
CRITICAL - 2021-11-18 16:09:01 --> Undefined variable: dokter
#0 C:\xampp\htdocs\sirs\app\Views\dokter\view_dokter.php(26): CodeIgniter\Debug\Exceptions->errorHandler(8, 'Undefined varia...', 'C:\\xampp\\htdocs...', 26, Array)
#1 C:\xampp\htdocs\sirs\system\View\View.php(214): include('C:\\xampp\\htdocs...')
#2 C:\xampp\htdocs\sirs\system\View\View.php(217): CodeIgniter\View\View->CodeIgniter\View\{closure}()
#3 C:\xampp\htdocs\sirs\system\Common.php(1097): CodeIgniter\View\View->render('dokter/view_dok...', Array, true)
#4 C:\xampp\htdocs\sirs\app\Controllers\Dokter.php(13): view('dokter/view_dok...', Array)
#5 C:\xampp\htdocs\sirs\system\CodeIgniter.php(824): App\Controllers\Dokter->index()
#6 C:\xampp\htdocs\sirs\system\CodeIgniter.php(410): CodeIgniter\CodeIgniter->runController(Object(App\Controllers\Dokter))
#7 C:\xampp\htdocs\sirs\system\CodeIgniter.php(318): CodeIgniter\CodeIgniter->handleRequest(NULL, Object(Config\Cache), false)
#8 C:\xampp\htdocs\sirs\public\index.php(37): CodeIgniter\CodeIgniter->run()
#9 C:\xampp\htdocs\sirs\system\Commands\Server\rewrite.php(43): require_once('C:\\xampp\\htdocs...')
#10 {main}
ERROR - 2021-11-18 16:33:07 --> You have an error in your SQL syntax; check the manual that corresponds to your MariaDB server version for the right syntax to use near 'UNSIGNED NOT NULL,
	`nama_dokter` VARCHAR(50) NOT NULL,
	`spesialis` VARCHAR(...' at line 2
ERROR - 2021-11-18 16:33:41 --> You have an error in your SQL syntax; check the manual that corresponds to your MariaDB server version for the right syntax to use near 'UNSIGNED NOT NULL,
	`nama_dokter` VARCHAR(50) NOT NULL,
	`spesialis` VARCHAR(...' at line 2
ERROR - 2021-11-18 16:39:02 --> You have an error in your SQL syntax; check the manual that corresponds to your MariaDB server version for the right syntax to use near 'UNSIGNED NOT NULL,
	`nama_dokter` VARCHAR(50) NOT NULL,
	`spesialis` VARCHAR(...' at line 2
