CRITICAL - 2021-11-22 07:04:24 --> Call to a member function getresultArray() on array
#0 C:\xampp\htdocs\sirs\system\CodeIgniter.php(824): App\Controllers\Dokter->index()
#1 C:\xampp\htdocs\sirs\system\CodeIgniter.php(410): CodeIgniter\CodeIgniter->runController(Object(App\Controllers\Dokter))
#2 C:\xampp\htdocs\sirs\system\CodeIgniter.php(318): CodeIgniter\CodeIgniter->handleRequest(NULL, Object(Config\Cache), false)
#3 C:\xampp\htdocs\sirs\public\index.php(37): CodeIgniter\CodeIgniter->run()
#4 C:\xampp\htdocs\sirs\system\Commands\Server\rewrite.php(43): require_once('C:\\xampp\\htdocs...')
#5 {main}
CRITICAL - 2021-11-22 07:05:48 --> Undefined variable $DokterModel
#0 C:\xampp\htdocs\sirs\app\Controllers\Dokter.php(13): CodeIgniter\Debug\Exceptions->errorHandler(2, 'Undefined varia...', 'C:\\xampp\\htdocs...', 13)
#1 C:\xampp\htdocs\sirs\system\CodeIgniter.php(824): App\Controllers\Dokter->index()
#2 C:\xampp\htdocs\sirs\system\CodeIgniter.php(410): CodeIgniter\CodeIgniter->runController(Object(App\Controllers\Dokter))
#3 C:\xampp\htdocs\sirs\system\CodeIgniter.php(318): CodeIgniter\CodeIgniter->handleRequest(NULL, Object(Config\Cache), false)
#4 C:\xampp\htdocs\sirs\public\index.php(37): CodeIgniter\CodeIgniter->run()
#5 C:\xampp\htdocs\sirs\system\Commands\Server\rewrite.php(43): require_once('C:\\xampp\\htdocs...')
#6 {main}
CRITICAL - 2021-11-22 22:37:42 --> Undefined variable $row
#0 C:\xampp\htdocs\sirsCoba\app\Views\dokter\view_dokter.php(47): CodeIgniter\Debug\Exceptions->errorHandler(2, 'Undefined varia...', 'C:\\xampp\\htdocs...', 47)
#1 C:\xampp\htdocs\sirsCoba\system\View\View.php(214): include('C:\\xampp\\htdocs...')
#2 C:\xampp\htdocs\sirsCoba\system\View\View.php(217): CodeIgniter\View\View->CodeIgniter\View\{closure}()
#3 C:\xampp\htdocs\sirsCoba\system\Common.php(1097): CodeIgniter\View\View->render('dokter/view_dok...', Array, true)
#4 C:\xampp\htdocs\sirsCoba\app\Controllers\Dokter.php(14): view('dokter/view_dok...', Array)
#5 C:\xampp\htdocs\sirsCoba\system\CodeIgniter.php(824): App\Controllers\Dokter->index()
#6 C:\xampp\htdocs\sirsCoba\system\CodeIgniter.php(410): CodeIgniter\CodeIgniter->runController(Object(App\Controllers\Dokter))
#7 C:\xampp\htdocs\sirsCoba\system\CodeIgniter.php(318): CodeIgniter\CodeIgniter->handleRequest(NULL, Object(Config\Cache), false)
#8 C:\xampp\htdocs\sirsCoba\public\index.php(37): CodeIgniter\CodeIgniter->run()
#9 C:\xampp\htdocs\sirsCoba\system\Commands\Server\rewrite.php(43): require_once('C:\\xampp\\htdocs...')
#10 {main}
