CRITICAL - 2021-11-13 03:05:49 --> Call to undefined method CodeIgniter\View\View::extends()
#0 C:\xampp\htdocs\sirs\system\View\View.php(214): include()
#1 C:\xampp\htdocs\sirs\system\View\View.php(217): CodeIgniter\View\View->CodeIgniter\View\{closure}()
#2 C:\xampp\htdocs\sirs\system\Common.php(1097): CodeIgniter\View\View->render('layout/beranda', Array, true)
#3 C:\xampp\htdocs\sirs\app\Controllers\Layout.php(9): view('layout/beranda')
#4 C:\xampp\htdocs\sirs\system\CodeIgniter.php(824): App\Controllers\Layout->index()
#5 C:\xampp\htdocs\sirs\system\CodeIgniter.php(410): CodeIgniter\CodeIgniter->runController(Object(App\Controllers\Layout))
#6 C:\xampp\htdocs\sirs\system\CodeIgniter.php(318): CodeIgniter\CodeIgniter->handleRequest(NULL, Object(Config\Cache), false)
#7 C:\xampp\htdocs\sirs\public\index.php(37): CodeIgniter\CodeIgniter->run()
#8 C:\xampp\htdocs\sirs\system\Commands\Server\rewrite.php(43): require_once('C:\\xampp\\htdocs...')
#9 {main}
CRITICAL - 2021-11-13 03:08:11 --> Call to undefined method CodeIgniter\View\View::extends()
#0 C:\xampp\htdocs\sirs\system\View\View.php(214): include()
#1 C:\xampp\htdocs\sirs\system\View\View.php(217): CodeIgniter\View\View->CodeIgniter\View\{closure}()
#2 C:\xampp\htdocs\sirs\system\Common.php(1097): CodeIgniter\View\View->render('layout/beranda', Array, true)
#3 C:\xampp\htdocs\sirs\app\Controllers\Layout.php(9): view('layout/beranda')
#4 C:\xampp\htdocs\sirs\system\CodeIgniter.php(824): App\Controllers\Layout->index()
#5 C:\xampp\htdocs\sirs\system\CodeIgniter.php(410): CodeIgniter\CodeIgniter->runController(Object(App\Controllers\Layout))
#6 C:\xampp\htdocs\sirs\system\CodeIgniter.php(318): CodeIgniter\CodeIgniter->handleRequest(NULL, Object(Config\Cache), false)
#7 C:\xampp\htdocs\sirs\public\index.php(37): CodeIgniter\CodeIgniter->run()
#8 C:\xampp\htdocs\sirs\system\Commands\Server\rewrite.php(43): require_once('C:\\xampp\\htdocs...')
#9 {main}
CRITICAL - 2021-11-13 03:08:13 --> Call to undefined method CodeIgniter\View\View::extends()
#0 C:\xampp\htdocs\sirs\system\View\View.php(214): include()
#1 C:\xampp\htdocs\sirs\system\View\View.php(217): CodeIgniter\View\View->CodeIgniter\View\{closure}()
#2 C:\xampp\htdocs\sirs\system\Common.php(1097): CodeIgniter\View\View->render('layout/beranda', Array, true)
#3 C:\xampp\htdocs\sirs\app\Controllers\Layout.php(9): view('layout/beranda')
#4 C:\xampp\htdocs\sirs\system\CodeIgniter.php(824): App\Controllers\Layout->index()
#5 C:\xampp\htdocs\sirs\system\CodeIgniter.php(410): CodeIgniter\CodeIgniter->runController(Object(App\Controllers\Layout))
#6 C:\xampp\htdocs\sirs\system\CodeIgniter.php(318): CodeIgniter\CodeIgniter->handleRequest(NULL, Object(Config\Cache), false)
#7 C:\xampp\htdocs\sirs\public\index.php(37): CodeIgniter\CodeIgniter->run()
#8 C:\xampp\htdocs\sirs\system\Commands\Server\rewrite.php(43): require_once('C:\\xampp\\htdocs...')
#9 {main}
CRITICAL - 2021-11-13 03:12:58 --> Call to undefined method CodeIgniter\View\View::extends()
#0 C:\xampp\htdocs\sirs\system\View\View.php(214): include()
#1 C:\xampp\htdocs\sirs\system\View\View.php(217): CodeIgniter\View\View->CodeIgniter\View\{closure}()
#2 C:\xampp\htdocs\sirs\system\Common.php(1097): CodeIgniter\View\View->render('layout/beranda', Array, true)
#3 C:\xampp\htdocs\sirs\app\Controllers\Layout.php(9): view('layout/beranda')
#4 C:\xampp\htdocs\sirs\system\CodeIgniter.php(824): App\Controllers\Layout->index()
#5 C:\xampp\htdocs\sirs\system\CodeIgniter.php(410): CodeIgniter\CodeIgniter->runController(Object(App\Controllers\Layout))
#6 C:\xampp\htdocs\sirs\system\CodeIgniter.php(318): CodeIgniter\CodeIgniter->handleRequest(NULL, Object(Config\Cache), false)
#7 C:\xampp\htdocs\sirs\public\index.php(37): CodeIgniter\CodeIgniter->run()
#8 C:\xampp\htdocs\sirs\system\Commands\Server\rewrite.php(43): require_once('C:\\xampp\\htdocs...')
#9 {main}
CRITICAL - 2021-11-13 03:13:08 --> Call to undefined method CodeIgniter\View\View::extends()
#0 C:\xampp\htdocs\sirs\system\View\View.php(214): include()
#1 C:\xampp\htdocs\sirs\system\View\View.php(217): CodeIgniter\View\View->CodeIgniter\View\{closure}()
#2 C:\xampp\htdocs\sirs\system\Common.php(1097): CodeIgniter\View\View->render('layout/beranda', Array, true)
#3 C:\xampp\htdocs\sirs\app\Controllers\Layout.php(9): view('layout/beranda')
#4 C:\xampp\htdocs\sirs\system\CodeIgniter.php(824): App\Controllers\Layout->index()
#5 C:\xampp\htdocs\sirs\system\CodeIgniter.php(410): CodeIgniter\CodeIgniter->runController(Object(App\Controllers\Layout))
#6 C:\xampp\htdocs\sirs\system\CodeIgniter.php(318): CodeIgniter\CodeIgniter->handleRequest(NULL, Object(Config\Cache), false)
#7 C:\xampp\htdocs\sirs\public\index.php(37): CodeIgniter\CodeIgniter->run()
#8 C:\xampp\htdocs\sirs\system\Commands\Server\rewrite.php(43): require_once('C:\\xampp\\htdocs...')
#9 {main}
CRITICAL - 2021-11-13 03:14:06 --> Call to undefined method CodeIgniter\View\View::extends()
#0 C:\xampp\htdocs\sirs\system\View\View.php(214): include()
#1 C:\xampp\htdocs\sirs\system\View\View.php(217): CodeIgniter\View\View->CodeIgniter\View\{closure}()
#2 C:\xampp\htdocs\sirs\system\Common.php(1097): CodeIgniter\View\View->render('layout/beranda', Array, true)
#3 C:\xampp\htdocs\sirs\app\Controllers\Layout.php(9): view('layout/beranda')
#4 C:\xampp\htdocs\sirs\system\CodeIgniter.php(824): App\Controllers\Layout->index()
#5 C:\xampp\htdocs\sirs\system\CodeIgniter.php(410): CodeIgniter\CodeIgniter->runController(Object(App\Controllers\Layout))
#6 C:\xampp\htdocs\sirs\system\CodeIgniter.php(318): CodeIgniter\CodeIgniter->handleRequest(NULL, Object(Config\Cache), false)
#7 C:\xampp\htdocs\sirs\public\index.php(37): CodeIgniter\CodeIgniter->run()
#8 C:\xampp\htdocs\sirs\system\Commands\Server\rewrite.php(43): require_once('C:\\xampp\\htdocs...')
#9 {main}
CRITICAL - 2021-11-13 03:14:07 --> Call to undefined method CodeIgniter\View\View::extends()
#0 C:\xampp\htdocs\sirs\system\View\View.php(214): include()
#1 C:\xampp\htdocs\sirs\system\View\View.php(217): CodeIgniter\View\View->CodeIgniter\View\{closure}()
#2 C:\xampp\htdocs\sirs\system\Common.php(1097): CodeIgniter\View\View->render('layout/beranda', Array, true)
#3 C:\xampp\htdocs\sirs\app\Controllers\Layout.php(9): view('layout/beranda')
#4 C:\xampp\htdocs\sirs\system\CodeIgniter.php(824): App\Controllers\Layout->index()
#5 C:\xampp\htdocs\sirs\system\CodeIgniter.php(410): CodeIgniter\CodeIgniter->runController(Object(App\Controllers\Layout))
#6 C:\xampp\htdocs\sirs\system\CodeIgniter.php(318): CodeIgniter\CodeIgniter->handleRequest(NULL, Object(Config\Cache), false)
#7 C:\xampp\htdocs\sirs\public\index.php(37): CodeIgniter\CodeIgniter->run()
#8 C:\xampp\htdocs\sirs\system\Commands\Server\rewrite.php(43): require_once('C:\\xampp\\htdocs...')
#9 {main}
CRITICAL - 2021-11-13 03:15:06 --> Call to undefined method CodeIgniter\View\View::extends()
#0 C:\xampp\htdocs\sirs\system\View\View.php(214): include()
#1 C:\xampp\htdocs\sirs\system\View\View.php(217): CodeIgniter\View\View->CodeIgniter\View\{closure}()
#2 C:\xampp\htdocs\sirs\system\Common.php(1097): CodeIgniter\View\View->render('layout/beranda', Array, true)
#3 C:\xampp\htdocs\sirs\app\Controllers\Layout.php(9): view('layout/beranda')
#4 C:\xampp\htdocs\sirs\system\CodeIgniter.php(824): App\Controllers\Layout->index()
#5 C:\xampp\htdocs\sirs\system\CodeIgniter.php(410): CodeIgniter\CodeIgniter->runController(Object(App\Controllers\Layout))
#6 C:\xampp\htdocs\sirs\system\CodeIgniter.php(318): CodeIgniter\CodeIgniter->handleRequest(NULL, Object(Config\Cache), false)
#7 C:\xampp\htdocs\sirs\public\index.php(37): CodeIgniter\CodeIgniter->run()
#8 C:\xampp\htdocs\sirs\system\Commands\Server\rewrite.php(43): require_once('C:\\xampp\\htdocs...')
#9 {main}
CRITICAL - 2021-11-13 03:15:08 --> Call to undefined method CodeIgniter\View\View::extends()
#0 C:\xampp\htdocs\sirs\system\View\View.php(214): include()
#1 C:\xampp\htdocs\sirs\system\View\View.php(217): CodeIgniter\View\View->CodeIgniter\View\{closure}()
#2 C:\xampp\htdocs\sirs\system\Common.php(1097): CodeIgniter\View\View->render('layout/beranda', Array, true)
#3 C:\xampp\htdocs\sirs\app\Controllers\Layout.php(9): view('layout/beranda')
#4 C:\xampp\htdocs\sirs\system\CodeIgniter.php(824): App\Controllers\Layout->index()
#5 C:\xampp\htdocs\sirs\system\CodeIgniter.php(410): CodeIgniter\CodeIgniter->runController(Object(App\Controllers\Layout))
#6 C:\xampp\htdocs\sirs\system\CodeIgniter.php(318): CodeIgniter\CodeIgniter->handleRequest(NULL, Object(Config\Cache), false)
#7 C:\xampp\htdocs\sirs\public\index.php(37): CodeIgniter\CodeIgniter->run()
#8 C:\xampp\htdocs\sirs\system\Commands\Server\rewrite.php(43): require_once('C:\\xampp\\htdocs...')
#9 {main}
CRITICAL - 2021-11-13 03:15:09 --> Call to undefined method CodeIgniter\View\View::extends()
#0 C:\xampp\htdocs\sirs\system\View\View.php(214): include()
#1 C:\xampp\htdocs\sirs\system\View\View.php(217): CodeIgniter\View\View->CodeIgniter\View\{closure}()
#2 C:\xampp\htdocs\sirs\system\Common.php(1097): CodeIgniter\View\View->render('layout/beranda', Array, true)
#3 C:\xampp\htdocs\sirs\app\Controllers\Layout.php(9): view('layout/beranda')
#4 C:\xampp\htdocs\sirs\system\CodeIgniter.php(824): App\Controllers\Layout->index()
#5 C:\xampp\htdocs\sirs\system\CodeIgniter.php(410): CodeIgniter\CodeIgniter->runController(Object(App\Controllers\Layout))
#6 C:\xampp\htdocs\sirs\system\CodeIgniter.php(318): CodeIgniter\CodeIgniter->handleRequest(NULL, Object(Config\Cache), false)
#7 C:\xampp\htdocs\sirs\public\index.php(37): CodeIgniter\CodeIgniter->run()
#8 C:\xampp\htdocs\sirs\system\Commands\Server\rewrite.php(43): require_once('C:\\xampp\\htdocs...')
#9 {main}
CRITICAL - 2021-11-13 03:15:09 --> Call to undefined method CodeIgniter\View\View::extends()
#0 C:\xampp\htdocs\sirs\system\View\View.php(214): include()
#1 C:\xampp\htdocs\sirs\system\View\View.php(217): CodeIgniter\View\View->CodeIgniter\View\{closure}()
#2 C:\xampp\htdocs\sirs\system\Common.php(1097): CodeIgniter\View\View->render('layout/beranda', Array, true)
#3 C:\xampp\htdocs\sirs\app\Controllers\Layout.php(9): view('layout/beranda')
#4 C:\xampp\htdocs\sirs\system\CodeIgniter.php(824): App\Controllers\Layout->index()
#5 C:\xampp\htdocs\sirs\system\CodeIgniter.php(410): CodeIgniter\CodeIgniter->runController(Object(App\Controllers\Layout))
#6 C:\xampp\htdocs\sirs\system\CodeIgniter.php(318): CodeIgniter\CodeIgniter->handleRequest(NULL, Object(Config\Cache), false)
#7 C:\xampp\htdocs\sirs\public\index.php(37): CodeIgniter\CodeIgniter->run()
#8 C:\xampp\htdocs\sirs\system\Commands\Server\rewrite.php(43): require_once('C:\\xampp\\htdocs...')
#9 {main}
CRITICAL - 2021-11-13 03:16:52 --> Invalid file: main.php
#0 C:\xampp\htdocs\sirs\system\View\View.php(198): CodeIgniter\Exceptions\FrameworkException::forInvalidFile('main.php')
#1 C:\xampp\htdocs\sirs\system\View\View.php(230): CodeIgniter\View\View->render('main', Array, true)
#2 C:\xampp\htdocs\sirs\system\Common.php(1097): CodeIgniter\View\View->render('layout/beranda', Array, true)
#3 C:\xampp\htdocs\sirs\app\Controllers\Layout.php(9): view('layout/beranda')
#4 C:\xampp\htdocs\sirs\system\CodeIgniter.php(824): App\Controllers\Layout->index()
#5 C:\xampp\htdocs\sirs\system\CodeIgniter.php(410): CodeIgniter\CodeIgniter->runController(Object(App\Controllers\Layout))
#6 C:\xampp\htdocs\sirs\system\CodeIgniter.php(318): CodeIgniter\CodeIgniter->handleRequest(NULL, Object(Config\Cache), false)
#7 C:\xampp\htdocs\sirs\public\index.php(37): CodeIgniter\CodeIgniter->run()
#8 C:\xampp\htdocs\sirs\system\Commands\Server\rewrite.php(43): require_once('C:\\xampp\\htdocs...')
#9 {main}
